2024-11-12 16:12:02,895 [INFO] Activator:176 - 


2024-11-12 16:12:02,902 [INFO] Activator:177 - !SESSION log4j initialized
2024-11-12 16:12:08,867 [INFO] LogOutputStream:77 - [STDOUT_REDIRECT] 
2024-11-12 16:12:11,381 [INFO] ApplicationProperties:184 - Using Application install path: C:\ST\STM32CubeIDE_1.16.0\STM32CubeIDE\plugins\com.st.stm32cube.common.mx_6.12.1.202409122256
2024-11-12 16:12:11,408 [INFO] DbMcusXml:78 - Set database path to: C:\ST\STM32CubeIDE_1.16.0\STM32CubeIDE\plugins\com.st.stm32cube.common.mx_6.12.1.202409122256\\db\/mcu/
2024-11-12 16:12:11,415 [INFO] ApiDb:274 - Set plugin database path to: C:\ST\STM32CubeIDE_1.16.0\STM32CubeIDE\plugins\com.st.stm32cube.common.mx_6.12.1.202409122256\\db\/plugins/boardmanager/
2024-11-12 16:12:11,416 [WARN] ApiDb:259 - Overriding images path with different value:  => C:\ST\STM32CubeIDE_1.16.0\STM32CubeIDE\plugins\com.st.stm32cube.common.mx_6.12.1.202409122256\\db\/plugins/mcufinder/images/
2024-11-12 16:12:11,433 [INFO] ApiDb:250 - Set database path to: C:\Users\pboon\.stmcufinder\plugins\mcufinder//mcu/
2024-11-12 16:12:11,435 [INFO] DbMcusAds:125 - Set database path to: C:\Users\pboon\.stmcufinder\plugins\mcufinder//mcu/
2024-11-12 16:12:11,442 [INFO] CrossReferenceDbSqlite:203 - Set database path to: C:\Users\pboon\.stmcufinder\plugins\mcufinder//mcu/cs/
2024-11-12 16:12:11,609 [INFO] RulesReader:64 - Compatibility file has been processed (297 Rules)
2024-11-12 16:12:11,739 [INFO] DbMcusXml:78 - Set database path to: C:\ST\STM32CubeIDE_1.16.0\STM32CubeIDE\plugins\com.st.stm32cube.common.mx_6.12.1.202409122256\\db\/mcu/
2024-11-12 16:12:11,739 [INFO] ApiDb:274 - Set plugin database path to: C:\ST\STM32CubeIDE_1.16.0\STM32CubeIDE\plugins\com.st.stm32cube.common.mx_6.12.1.202409122256\\db\/plugins/boardmanager/
2024-11-12 16:12:11,739 [INFO] ApiDb:261 - Set plugin images path to: C:\ST\STM32CubeIDE_1.16.0\STM32CubeIDE\plugins\com.st.stm32cube.common.mx_6.12.1.202409122256\\db\/plugins/mcufinder/images/
2024-11-12 16:12:11,740 [WARN] DbFile:41 - Overriding database path with different value: C:\Users\pboon\.stmcufinder\plugins\mcufinder/ => C:\Users\pboon\.stmcufinder\plugins\mcufinder
2024-11-12 16:12:11,740 [INFO] ApiDb:250 - Set database path to: C:\Users\pboon\.stmcufinder\plugins\mcufinder//mcu/
2024-11-12 16:12:11,740 [WARN] DbFile:41 - Overriding database path with different value: C:\Users\pboon\.stmcufinder\plugins\mcufinder/ => C:\Users\pboon\.stmcufinder\plugins\mcufinder
2024-11-12 16:12:11,740 [INFO] DbMcusAds:125 - Set database path to: C:\Users\pboon\.stmcufinder\plugins\mcufinder//mcu/
2024-11-12 16:12:11,740 [WARN] DbFile:41 - Overriding database path with different value: C:\Users\pboon\.stmcufinder\plugins\mcufinder/ => C:\Users\pboon\.stmcufinder\plugins\mcufinder
2024-11-12 16:12:11,741 [WARN] DbFile:41 - Overriding database path with different value: C:\Users\pboon\.stmcufinder\plugins\mcufinder/ => C:\Users\pboon\.stmcufinder\plugins\mcufinder
2024-11-12 16:12:11,741 [INFO] CrossReferenceDbSqlite:203 - Set database path to: C:\Users\pboon\.stmcufinder\plugins\mcufinder//mcu/cs/
2024-11-12 16:12:11,884 [INFO] MainPanel:268 - HeapMemory: 276824064
2024-11-12 16:12:12,089 [INFO] DbMcusXml:78 - Set database path to: C:\ST\STM32CubeIDE_1.16.0\STM32CubeIDE\plugins\com.st.stm32cube.common.mx_6.12.1.202409122256\\db\/mcu/
2024-11-12 16:12:12,090 [INFO] ApiDb:274 - Set plugin database path to: C:\ST\STM32CubeIDE_1.16.0\STM32CubeIDE\plugins\com.st.stm32cube.common.mx_6.12.1.202409122256\\db\/plugins/boardmanager/
2024-11-12 16:12:12,090 [INFO] ApiDb:261 - Set plugin images path to: C:\ST\STM32CubeIDE_1.16.0\STM32CubeIDE\plugins\com.st.stm32cube.common.mx_6.12.1.202409122256\\db\/plugins/mcufinder/images/
2024-11-12 16:12:12,090 [WARN] DbFile:41 - Overriding database path with different value: C:\Users\pboon\.stmcufinder\plugins\mcufinder/ => C:\Users\pboon\.stmcufinder\plugins\mcufinder
2024-11-12 16:12:12,090 [INFO] ApiDb:250 - Set database path to: C:\Users\pboon\.stmcufinder\plugins\mcufinder//mcu/
2024-11-12 16:12:12,090 [WARN] DbFile:41 - Overriding database path with different value: C:\Users\pboon\.stmcufinder\plugins\mcufinder/ => C:\Users\pboon\.stmcufinder\plugins\mcufinder
2024-11-12 16:12:12,091 [INFO] DbMcusAds:125 - Set database path to: C:\Users\pboon\.stmcufinder\plugins\mcufinder//mcu/
2024-11-12 16:12:12,091 [WARN] DbFile:41 - Overriding database path with different value: C:\Users\pboon\.stmcufinder\plugins\mcufinder/ => C:\Users\pboon\.stmcufinder\plugins\mcufinder
2024-11-12 16:12:12,091 [WARN] DbFile:41 - Overriding database path with different value: C:\Users\pboon\.stmcufinder\plugins\mcufinder/ => C:\Users\pboon\.stmcufinder\plugins\mcufinder
2024-11-12 16:12:12,091 [INFO] CrossReferenceDbSqlite:203 - Set database path to: C:\Users\pboon\.stmcufinder\plugins\mcufinder//mcu/cs/
2024-11-12 16:12:12,116 [INFO] ApplicationProperties:184 - Using Application install path: C:\ST\STM32CubeIDE_1.16.0\STM32CubeIDE\plugins\com.st.stm32cube.common.mx_6.12.1.202409122256
2024-11-12 16:12:12,119 [INFO] PluginManage:196 - Search for loadable plugins [exclusion list=, ]
2024-11-12 16:12:12,121 [INFO] PluginManage:310 - Check plugin analytics
2024-11-12 16:12:12,364 [INFO] AnalyticsPlugin:253 - Accepted Software Licenses: 
2024-11-12 16:12:12,364 [INFO] AnalyticsPlugin:255 - Accepted CMSIS Pack Licenses: 
2024-11-12 16:12:12,365 [INFO] AnalyticsPlugin:257 - Accepted Firmware Licenses: 
2024-11-12 16:12:12,367 [INFO] PluginManage:359 - Loaded plugin analytics (category:tool,tabindex:-1)
2024-11-12 16:12:12,367 [INFO] PluginManage:310 - Check plugin cadmodel
2024-11-12 16:12:12,375 [INFO] CADModel:105 - Init CAD model plugin
2024-11-12 16:12:12,375 [INFO] PluginManage:359 - Loaded plugin cadmodel (category:power,tabindex:5)
2024-11-12 16:12:12,375 [INFO] PluginManage:310 - Check plugin clock
2024-11-12 16:12:12,390 [INFO] PluginManage:359 - Loaded plugin clock (category:base,tabindex:2)
2024-11-12 16:12:12,390 [INFO] PluginManage:310 - Check plugin ddr
2024-11-12 16:12:12,395 [INFO] PluginManage:359 - Loaded plugin ddr (category:tool,tabindex:6)
2024-11-12 16:12:12,395 [INFO] PluginManage:310 - Check plugin filemanager
2024-11-12 16:12:12,598 [INFO] PluginManage:359 - Loaded plugin filemanager (category:base,tabindex:10)
2024-11-12 16:12:12,598 [INFO] PluginManage:310 - Check plugin ipmanager
2024-11-12 16:12:12,609 [INFO] PluginManage:359 - Loaded plugin ipmanager (category:base,tabindex:5)
2024-11-12 16:12:12,610 [INFO] PluginManage:310 - Check plugin lpbam
2024-11-12 16:12:12,628 [INFO] PluginManage:359 - Loaded plugin lpbam (category:base,tabindex:0)
2024-11-12 16:12:12,628 [INFO] PluginManage:310 - Check plugin memorymap
2024-11-12 16:12:12,653 [INFO] PluginManage:359 - Loaded plugin memorymap (category:base,tabindex:4)
2024-11-12 16:12:12,653 [INFO] PluginManage:310 - Check plugin pinoutandconfiguration
2024-11-12 16:12:12,667 [INFO] PluginManage:359 - Loaded plugin pinoutandconfiguration (category:base,tabindex:1)
2024-11-12 16:12:12,669 [INFO] PluginManage:310 - Check plugin pinoutconfig
2024-11-12 16:12:12,807 [WARN] SupportedApi:132 - Cannot load RTOS API schema: s4s-elt-must-match.1: The content of 'definitions' must match (annotation?, (simpleType | complexType)?, (unique | key | keyref)*)). A problem was found starting at: attribute.
2024-11-12 16:12:13,055 [INFO] PluginManage:359 - Loaded plugin pinoutconfig (category:base,tabindex:0)
2024-11-12 16:12:13,056 [INFO] PluginManage:310 - Check plugin power
2024-11-12 16:12:13,069 [INFO] PluginManage:359 - Loaded plugin power (category:power,tabindex:4)
2024-11-12 16:12:13,070 [INFO] PluginManage:310 - Check plugin projectmanager
2024-11-12 16:12:13,101 [INFO] PluginManage:359 - Loaded plugin projectmanager (category:projectmanager,tabindex:4)
2024-11-12 16:12:13,101 [INFO] PluginManage:310 - Check plugin rif
2024-11-12 16:12:13,111 [INFO] PluginManage:359 - Loaded plugin rif (category:base,tabindex:3)
2024-11-12 16:12:13,111 [INFO] PluginManage:310 - Check plugin thirdparty
2024-11-12 16:12:13,328 [INFO] PluginManage:359 - Loaded plugin thirdparty (category:base,tabindex:-1)
2024-11-12 16:12:13,328 [WARN] IntegrityCheckThread:84 - waiting for thirdparty lock release [integrity check]
2024-11-12 16:12:13,328 [INFO] PluginManage:310 - Check plugin tools
2024-11-12 16:12:13,328 [INFO] IntegrityCheckThread:86 - entering critical section [integrity check]
2024-11-12 16:12:13,329 [INFO] ThirdPartyUpdaterWithRetryManager:70 - Updater plugin not ready yet. [1/15]
2024-11-12 16:12:13,332 [INFO] PluginManage:359 - Loaded plugin tools (category:base,tabindex:7)
2024-11-12 16:12:13,333 [INFO] PluginManage:310 - Check plugin tutovideos
2024-11-12 16:12:13,629 [INFO] PluginManage:359 - Loaded plugin tutovideos (category:base,tabindex:-1)
2024-11-12 16:12:13,629 [INFO] PluginManage:310 - Check plugin updater
2024-11-12 16:12:13,653 [INFO] PluginManage:359 - Loaded plugin updater (category:base,tabindex:12)
2024-11-12 16:12:13,653 [INFO] PluginManage:310 - Check plugin userauth
2024-11-12 16:12:13,663 [INFO] UserAuth:113 - Init User Auth plugin
2024-11-12 16:12:13,664 [INFO] PluginManage:359 - Loaded plugin userauth (category:base,tabindex:14)
2024-11-12 16:12:13,664 [INFO] PluginManage:283 - PluginManage : Loaded plugins [18]
2024-11-12 16:12:14,055 [INFO] PinOutPanel:1561 - setPackage(No Configuration,No Configuration)
2024-11-12 16:12:14,197 [INFO] CADModel:165 - CPN selected for project level
2024-11-12 16:12:14,197 [INFO] CADModel:114 - Register for checkConnection events
2024-11-12 16:12:14,224 [INFO] IPUIPlugin:80 - create IPUIPlugin
2024-11-12 16:12:14,224 [INFO] PluginManager:220 - loadIPPluginJar : add adc
2024-11-12 16:12:14,229 [INFO] IPUIPlugin:80 - create IPUIPlugin
2024-11-12 16:12:14,229 [INFO] PluginManager:220 - loadIPPluginJar : add aes
2024-11-12 16:12:14,233 [INFO] IPUIPlugin:80 - create IPUIPlugin
2024-11-12 16:12:14,234 [INFO] PluginManager:220 - loadIPPluginJar : add can
2024-11-12 16:12:14,238 [INFO] IPUIPlugin:80 - create IPUIPlugin
2024-11-12 16:12:14,239 [INFO] PluginManager:220 - loadIPPluginJar : add comp
2024-11-12 16:12:14,243 [INFO] IPUIPlugin:80 - create IPUIPlugin
2024-11-12 16:12:14,244 [INFO] PluginManager:220 - loadIPPluginJar : add cryp
2024-11-12 16:12:14,249 [INFO] IPUIPlugin:80 - create IPUIPlugin
2024-11-12 16:12:14,249 [INFO] PluginManager:220 - loadIPPluginJar : add ddr_ctrl_phy
2024-11-12 16:12:14,253 [INFO] IPUIPlugin:80 - create IPUIPlugin
2024-11-12 16:12:14,253 [INFO] PluginManager:220 - loadIPPluginJar : add dfsdm
2024-11-12 16:12:14,261 [INFO] IPUIPlugin:80 - create IPUIPlugin
2024-11-12 16:12:14,262 [INFO] PluginManager:220 - loadIPPluginJar : add dma
2024-11-12 16:12:14,267 [INFO] IPUIPlugin:80 - create IPUIPlugin
2024-11-12 16:12:14,267 [INFO] PluginManager:220 - loadIPPluginJar : add dma3
2024-11-12 16:12:14,274 [INFO] IPUIPlugin:80 - create IPUIPlugin
2024-11-12 16:12:14,274 [INFO] PluginManager:220 - loadIPPluginJar : add extmemmanager
2024-11-12 16:12:14,277 [INFO] IPUIPlugin:80 - create IPUIPlugin
2024-11-12 16:12:14,277 [INFO] PluginManager:220 - loadIPPluginJar : add fatfs
2024-11-12 16:12:14,284 [INFO] IPUIPlugin:80 - create IPUIPlugin
2024-11-12 16:12:14,284 [INFO] PluginManager:220 - loadIPPluginJar : add fmc
2024-11-12 16:12:14,292 [INFO] IPUIPlugin:80 - create IPUIPlugin
2024-11-12 16:12:14,293 [INFO] PluginManager:220 - loadIPPluginJar : add freertos
2024-11-12 16:12:14,295 [INFO] IPUIPlugin:80 - create IPUIPlugin
2024-11-12 16:12:14,295 [INFO] PluginManager:220 - loadIPPluginJar : add genericplugin
2024-11-12 16:12:14,299 [INFO] IPUIPlugin:80 - create IPUIPlugin
2024-11-12 16:12:14,299 [INFO] PluginManager:220 - loadIPPluginJar : add gfxmmu
2024-11-12 16:12:14,307 [INFO] IPUIPlugin:80 - create IPUIPlugin
2024-11-12 16:12:14,307 [INFO] PluginManager:220 - loadIPPluginJar : add gic
2024-11-12 16:12:14,314 [INFO] IPUIPlugin:80 - create IPUIPlugin
2024-11-12 16:12:14,314 [INFO] PluginManager:220 - loadIPPluginJar : add gpio
2024-11-12 16:12:14,319 [INFO] IPUIPlugin:80 - create IPUIPlugin
2024-11-12 16:12:14,325 [INFO] PluginManager:220 - loadIPPluginJar : add gtzc
2024-11-12 16:12:14,329 [INFO] IPUIPlugin:80 - create IPUIPlugin
2024-11-12 16:12:14,329 [INFO] PluginManager:220 - loadIPPluginJar : add hash
2024-11-12 16:12:14,335 [INFO] IPUIPlugin:80 - create IPUIPlugin
2024-11-12 16:12:14,335 [INFO] PluginManager:220 - loadIPPluginJar : add i2c
2024-11-12 16:12:14,340 [INFO] IPUIPlugin:80 - create IPUIPlugin
2024-11-12 16:12:14,341 [INFO] PluginManager:220 - loadIPPluginJar : add i2s
2024-11-12 16:12:14,347 [INFO] IPUIPlugin:80 - create IPUIPlugin
2024-11-12 16:12:14,347 [INFO] PluginManager:220 - loadIPPluginJar : add i3c
2024-11-12 16:12:14,352 [INFO] IPUIPlugin:80 - create IPUIPlugin
2024-11-12 16:12:14,353 [INFO] PluginManager:220 - loadIPPluginJar : add ipddr
2024-11-12 16:12:14,364 [INFO] IPUIPlugin:80 - create IPUIPlugin
2024-11-12 16:12:14,364 [INFO] PluginManager:220 - loadIPPluginJar : add linkedlist
2024-11-12 16:12:14,370 [INFO] IPUIPlugin:80 - create IPUIPlugin
2024-11-12 16:12:14,370 [INFO] PluginManager:220 - loadIPPluginJar : add lorawan
2024-11-12 16:12:14,372 [INFO] IPUIPlugin:80 - create IPUIPlugin
2024-11-12 16:12:14,373 [INFO] PluginManager:220 - loadIPPluginJar : add ltdc
2024-11-12 16:12:14,381 [INFO] IPUIPlugin:80 - create IPUIPlugin
2024-11-12 16:12:14,381 [INFO] PluginManager:220 - loadIPPluginJar : add mdma
2024-11-12 16:12:14,387 [INFO] IPUIPlugin:80 - create IPUIPlugin
2024-11-12 16:12:14,387 [INFO] PluginManager:220 - loadIPPluginJar : add nvic
2024-11-12 16:12:14,392 [INFO] IPUIPlugin:80 - create IPUIPlugin
2024-11-12 16:12:14,392 [INFO] PluginManager:220 - loadIPPluginJar : add opamp
2024-11-12 16:12:14,397 [INFO] IPUIPlugin:80 - create IPUIPlugin
2024-11-12 16:12:14,397 [INFO] PluginManager:220 - loadIPPluginJar : add openamp
2024-11-12 16:12:14,403 [INFO] IPUIPlugin:80 - create IPUIPlugin
2024-11-12 16:12:14,403 [INFO] PluginManager:220 - loadIPPluginJar : add pdm2pcm
2024-11-12 16:12:14,412 [INFO] IPUIPlugin:80 - create IPUIPlugin
2024-11-12 16:12:14,417 [INFO] PluginManager:220 - loadIPPluginJar : add plateformsettings
2024-11-12 16:12:14,421 [INFO] IPUIPlugin:80 - create IPUIPlugin
2024-11-12 16:12:14,421 [INFO] PluginManager:220 - loadIPPluginJar : add quadspi
2024-11-12 16:12:14,424 [INFO] IPUIPlugin:80 - create IPUIPlugin
2024-11-12 16:12:14,427 [INFO] PluginManager:220 - loadIPPluginJar : add radio
2024-11-12 16:12:14,433 [INFO] IPUIPlugin:80 - create IPUIPlugin
2024-11-12 16:12:14,433 [INFO] PluginManager:220 - loadIPPluginJar : add resmgrutility
2024-11-12 16:12:14,439 [INFO] IPUIPlugin:80 - create IPUIPlugin
2024-11-12 16:12:14,439 [INFO] PluginManager:220 - loadIPPluginJar : add sai
2024-11-12 16:12:14,444 [INFO] IPUIPlugin:80 - create IPUIPlugin
2024-11-12 16:12:14,444 [INFO] PluginManager:220 - loadIPPluginJar : add spi
2024-11-12 16:12:14,456 [INFO] IPUIPlugin:80 - create IPUIPlugin
2024-11-12 16:12:14,457 [INFO] PluginManager:220 - loadIPPluginJar : add stm32_wpan
2024-11-12 16:12:14,460 [INFO] IPUIPlugin:80 - create IPUIPlugin
2024-11-12 16:12:14,460 [INFO] PluginManager:220 - loadIPPluginJar : add tim
2024-11-12 16:12:14,465 [INFO] IPUIPlugin:80 - create IPUIPlugin
2024-11-12 16:12:14,465 [INFO] PluginManager:220 - loadIPPluginJar : add touchsensing
2024-11-12 16:12:14,468 [INFO] IPUIPlugin:80 - create IPUIPlugin
2024-11-12 16:12:14,468 [INFO] PluginManager:220 - loadIPPluginJar : add tracer_emb
2024-11-12 16:12:14,473 [INFO] IPUIPlugin:80 - create IPUIPlugin
2024-11-12 16:12:14,474 [INFO] PluginManager:220 - loadIPPluginJar : add ts
2024-11-12 16:12:14,477 [INFO] IPUIPlugin:80 - create IPUIPlugin
2024-11-12 16:12:14,477 [INFO] PluginManager:220 - loadIPPluginJar : add tsc
2024-11-12 16:12:14,480 [INFO] IPUIPlugin:80 - create IPUIPlugin
2024-11-12 16:12:14,480 [INFO] PluginManager:220 - loadIPPluginJar : add ucpd
2024-11-12 16:12:14,484 [INFO] IPUIPlugin:80 - create IPUIPlugin
2024-11-12 16:12:14,485 [INFO] PluginManager:220 - loadIPPluginJar : add usart
2024-11-12 16:12:14,489 [INFO] IPUIPlugin:80 - create IPUIPlugin
2024-11-12 16:12:14,489 [INFO] PluginManager:220 - loadIPPluginJar : add usbx
2024-11-12 16:12:14,646 [INFO] CADModel:165 - CPN selected for project level
2024-11-12 16:12:14,647 [INFO] CADModel:114 - Register for checkConnection events
2024-11-12 16:12:14,647 [FATAL] Updater:334 - Updater called before beeing initialized
2024-11-12 16:12:14,647 [ERROR] CADModel:125 - Updater not yet initialized, retry later 
2024-11-12 16:12:14,857 [INFO] CADModel:165 - CPN selected for project level
2024-11-12 16:12:14,857 [INFO] CADModel:114 - Register for checkConnection events
2024-11-12 16:12:14,857 [FATAL] Updater:334 - Updater called before beeing initialized
2024-11-12 16:12:14,857 [ERROR] CADModel:125 - Updater not yet initialized, retry later 
2024-11-12 16:12:14,862 [FATAL] Updater:334 - Updater called before beeing initialized
2024-11-12 16:12:15,028 [FATAL] Updater:334 - Updater called before beeing initialized
2024-11-12 16:12:15,036 [INFO] DbMcusAds:53 - JSON generation date=Fri Sep 20 20:04:38 ICT 2024 (1726837478367)
2024-11-12 16:12:15,037 [FATAL] Updater:334 - Updater called before beeing initialized
2024-11-12 16:12:15,105 [WARN] DetailPanel:346 - Failed to get advertising image, set to default
2024-11-12 16:12:15,257 [FATAL] Updater:334 - Updater called before beeing initialized
2024-11-12 16:12:15,260 [FATAL] Updater:334 - Updater called before beeing initialized
2024-11-12 16:12:15,260 [FATAL] Updater:334 - Updater called before beeing initialized
2024-11-12 16:12:15,260 [WARN] DetailPanel:346 - Failed to get advertising image, set to default
2024-11-12 16:12:15,261 [FATAL] Updater:334 - Updater called before beeing initialized
2024-11-12 16:12:15,356 [ERROR] Updater:1164 - MainUpdater not yet initialized. External WinMGr cannot be set.
2024-11-12 16:12:15,359 [INFO] Updater:1100 - Updater Version found : 6.12.1
2024-11-12 16:12:15,388 [INFO] ApplicationProperties:184 - Using Application install path: C:\ST\STM32CubeIDE_1.16.0\STM32CubeIDE\plugins\com.st.stm32cube.common.mx_6.12.1.202409122256
2024-11-12 16:12:15,743 [INFO] MainUpdater:2873 - connection check result : 22
2024-11-12 16:12:15,744 [INFO] MainUpdater:290 - Updater Check For Update Now.
2024-11-12 16:12:15,744 [INFO] MicroXplorer:498 - Change Database Version : DB.6.0.121
2024-11-12 16:12:15,755 [INFO] McuFinderGlobals:63 - Set McuFinder mode to 2 (CubeIDE integrated)
2024-11-12 16:12:15,757 [INFO] UserAuth:417 - Internet connection configuration mode: 2
2024-11-12 16:12:15,767 [INFO] UserAuth:417 - Internet connection configuration mode: 2
2024-11-12 16:12:15,944 [INFO] CheckServerUpdateThread:120 - End of CheckServer Thread
2024-11-12 16:12:16,658 [WARN] PackLoader:240 - Cannot read IP mode file for STMicroelectronics.FP-SNS-MOTENVWB1.1.4.0
2024-11-12 16:12:16,674 [WARN] PackLoader:240 - Cannot read IP mode file for STMicroelectronics.X-CUBE-SMBUS.2.1.0
2024-11-12 16:12:16,682 [WARN] PackLoader:240 - Cannot read IP mode file for STMicroelectronics.X-CUBE-TOUCHGFX.4.23.2
2024-11-12 16:12:16,717 [WARN] PackLoader:240 - Cannot read IP mode file for STMicroelectronics.X-CUBE-AZRTOS-F7.1.1.0
2024-11-12 16:12:16,797 [WARN] PackLoader:240 - Cannot read IP mode file for STMicroelectronics.X-CUBE-MEMS1.11.0.0
2024-11-12 16:12:16,982 [WARN] PackLoader:240 - Cannot read IP mode file for STMicroelectronics.FP-SNS-FLIGHT1.5.0.2
2024-11-12 16:12:16,992 [WARN] PackLoader:240 - Cannot read IP mode file for STMicroelectronics.X-CUBE-DISPLAY.3.0.0
2024-11-12 16:12:17,006 [WARN] PackLoader:240 - Cannot read IP mode file for STMicroelectronics.X-CUBE-BLE1.7.0.0
2024-11-12 16:12:17,016 [WARN] PackLoader:240 - Cannot read IP mode file for STMicroelectronics.X-CUBE-NFC10.1.0.0
2024-11-12 16:12:17,025 [WARN] PackLoader:240 - Cannot read IP mode file for emotas.I-CUBE-CANOPEN.1.3.0
2024-11-12 16:12:17,041 [WARN] PackLoader:240 - Cannot read IP mode file for STMicroelectronics.X-CUBE-BLEMGR.3.1.0
2024-11-12 16:12:17,051 [WARN] PackLoader:240 - Cannot read IP mode file for STMicroelectronics.FP-SNS-SMARTAG2.1.2.0
2024-11-12 16:12:17,064 [INFO] LogOutputStream:77 - [STDOUT_REDIRECT] 1 : Invalid condition id : UX_CORESTACK_Condition cause : null
2024-11-12 16:12:17,064 [INFO] LogOutputStream:77 - [STDOUT_REDIRECT] 1 : Invalid condition id : UX_CORESTACK_Condition cause : null
2024-11-12 16:12:17,068 [INFO] LogOutputStream:77 - [STDOUT_REDIRECT] 1 : Invalid condition id : UX_CORESTACK_Condition cause : null
2024-11-12 16:12:17,071 [INFO] LogOutputStream:77 - [STDOUT_REDIRECT] 1 : Invalid condition id : UX_CORESTACK_Condition cause : null
2024-11-12 16:12:17,072 [INFO] LogOutputStream:77 - [STDOUT_REDIRECT] 1 : Invalid condition id : UX_CORESTACK_Condition cause : null
2024-11-12 16:12:17,075 [WARN] PackLoader:240 - Cannot read IP mode file for STMicroelectronics.X-CUBE-AZRTOS-WL.2.0.0
2024-11-12 16:12:17,082 [WARN] PackLoader:240 - Cannot read IP mode file for STMicroelectronics.FP-SNS-MOTENV1.5.0.0
2024-11-12 16:12:17,089 [WARN] PackLoader:240 - Cannot read IP mode file for wolfSSL.I-CUBE-wolfMQTT.1.19.0
2024-11-12 16:12:17,098 [WARN] PackLoader:240 - Cannot read IP mode file for WES.I-CUBE-Cesium.1.3.0
2024-11-12 16:12:17,105 [WARN] PackLoader:240 - Cannot read IP mode file for STMicroelectronics.X-CUBE-BLE2.3.3.0
2024-11-12 16:12:17,111 [WARN] PackLoader:240 - Cannot read IP mode file for STMicroelectronics.X-CUBE-NFC9.1.0.0
2024-11-12 16:12:17,120 [WARN] PackLoader:240 - Cannot read IP mode file for STMicroelectronics.X-CUBE-TCPP.4.1.0
2024-11-12 16:12:17,136 [WARN] PackLoader:240 - Cannot read IP mode file for STMicroelectronics.X-CUBE-AZRTOS-G0.1.1.0
2024-11-12 16:12:17,145 [WARN] PackLoader:240 - Cannot read IP mode file for STMicroelectronics.X-CUBE-SAFEA1.1.2.2
2024-11-12 16:12:17,152 [WARN] PackLoader:240 - Cannot read IP mode file for STMicroelectronics.X-CUBE-NFC4.3.0.0
2024-11-12 16:12:17,165 [WARN] PackLoader:240 - Cannot read IP mode file for EmbeddedOffice.I-CUBE-FS-RTOS.1.0.1
2024-11-12 16:12:17,165 [ERROR] ConditionMgr:805 - Attr not supported : Dmpu
2024-11-12 16:12:17,165 [ERROR] ConditionMgr:805 - Attr not supported : Dmpu
2024-11-12 16:12:17,165 [ERROR] ConditionMgr:805 - Attr not supported : Dmpu
2024-11-12 16:12:17,165 [ERROR] ConditionMgr:805 - Attr not supported : Dmpu
2024-11-12 16:12:17,165 [ERROR] ConditionMgr:805 - Attr not supported : Dmpu
2024-11-12 16:12:17,165 [ERROR] ConditionMgr:805 - Attr not supported : Dmpu
2024-11-12 16:12:17,165 [ERROR] ConditionMgr:805 - Attr not supported : Dmpu
2024-11-12 16:12:17,166 [ERROR] ConditionMgr:805 - Attr not supported : Dmpu
2024-11-12 16:12:17,166 [ERROR] ConditionMgr:805 - Attr not supported : Dmpu
2024-11-12 16:12:17,166 [ERROR] ConditionMgr:805 - Attr not supported : Dmpu
2024-11-12 16:12:17,166 [ERROR] ConditionMgr:805 - Attr not supported : Dmpu
2024-11-12 16:12:17,166 [ERROR] ConditionMgr:805 - Attr not supported : Dmpu
2024-11-12 16:12:17,166 [ERROR] ConditionMgr:805 - Attr not supported : Dmpu
2024-11-12 16:12:17,166 [ERROR] ConditionMgr:805 - Attr not supported : Dmpu
2024-11-12 16:12:17,166 [ERROR] ConditionMgr:805 - Attr not supported : Dmpu
2024-11-12 16:12:17,166 [ERROR] ConditionMgr:805 - Attr not supported : Dmpu
2024-11-12 16:12:17,166 [ERROR] ConditionMgr:805 - Attr not supported : Dmpu
2024-11-12 16:12:17,166 [ERROR] ConditionMgr:805 - Attr not supported : Dmpu
2024-11-12 16:12:17,166 [ERROR] ConditionMgr:805 - Attr not supported : Dmpu
2024-11-12 16:12:17,166 [ERROR] ConditionMgr:805 - Attr not supported : Dmpu
2024-11-12 16:12:17,166 [ERROR] ConditionMgr:805 - Attr not supported : Dmpu
2024-11-12 16:12:17,166 [ERROR] ConditionMgr:805 - Attr not supported : Dmpu
2024-11-12 16:12:17,166 [ERROR] ConditionMgr:805 - Attr not supported : Dmpu
2024-11-12 16:12:17,166 [ERROR] ConditionMgr:805 - Attr not supported : Dmpu
2024-11-12 16:12:17,167 [ERROR] ConditionMgr:805 - Attr not supported : Dmpu
2024-11-12 16:12:17,167 [ERROR] ConditionMgr:805 - Attr not supported : Dmpu
2024-11-12 16:12:17,167 [ERROR] ConditionMgr:805 - Attr not supported : Dmpu
2024-11-12 16:12:17,167 [ERROR] ConditionMgr:805 - Attr not supported : Dmpu
2024-11-12 16:12:17,167 [ERROR] ConditionMgr:805 - Attr not supported : Dmpu
2024-11-12 16:12:17,167 [ERROR] ConditionMgr:805 - Attr not supported : Dmpu
2024-11-12 16:12:17,167 [ERROR] ConditionMgr:805 - Attr not supported : Dmpu
2024-11-12 16:12:17,167 [ERROR] ConditionMgr:805 - Attr not supported : Dmpu
2024-11-12 16:12:17,167 [ERROR] ConditionMgr:805 - Attr not supported : Dmpu
2024-11-12 16:12:17,167 [ERROR] ConditionMgr:805 - Attr not supported : Dmpu
2024-11-12 16:12:17,167 [ERROR] ConditionMgr:805 - Attr not supported : Dmpu
2024-11-12 16:12:17,167 [ERROR] ConditionMgr:805 - Attr not supported : Dmpu
2024-11-12 16:12:17,167 [ERROR] ConditionMgr:805 - Attr not supported : Dmpu
2024-11-12 16:12:17,168 [ERROR] ConditionMgr:805 - Attr not supported : Dmpu
2024-11-12 16:12:17,168 [ERROR] ConditionMgr:805 - Attr not supported : Dmpu
2024-11-12 16:12:17,168 [ERROR] ConditionMgr:805 - Attr not supported : Dmpu
2024-11-12 16:12:17,168 [ERROR] ConditionMgr:805 - Attr not supported : Dmpu
2024-11-12 16:12:17,168 [ERROR] ConditionMgr:805 - Attr not supported : Dmpu
2024-11-12 16:12:17,168 [ERROR] ConditionMgr:805 - Attr not supported : Dmpu
2024-11-12 16:12:17,168 [ERROR] ConditionMgr:805 - Attr not supported : Dmpu
2024-11-12 16:12:17,168 [ERROR] ConditionMgr:805 - Attr not supported : Dmpu
2024-11-12 16:12:17,168 [ERROR] ConditionMgr:805 - Attr not supported : Dmpu
2024-11-12 16:12:17,168 [ERROR] ConditionMgr:805 - Attr not supported : Dmpu
2024-11-12 16:12:17,168 [ERROR] ConditionMgr:805 - Attr not supported : Dmpu
2024-11-12 16:12:17,168 [ERROR] ConditionMgr:805 - Attr not supported : Dmpu
2024-11-12 16:12:17,168 [ERROR] ConditionMgr:805 - Attr not supported : Dmpu
2024-11-12 16:12:17,168 [ERROR] ConditionMgr:805 - Attr not supported : Dmpu
2024-11-12 16:12:17,169 [ERROR] ConditionMgr:805 - Attr not supported : Dmpu
2024-11-12 16:12:17,169 [ERROR] ConditionMgr:805 - Attr not supported : Dmpu
2024-11-12 16:12:17,169 [ERROR] ConditionMgr:805 - Attr not supported : Dmpu
2024-11-12 16:12:17,169 [ERROR] ConditionMgr:805 - Attr not supported : Dmpu
2024-11-12 16:12:17,169 [ERROR] ConditionMgr:805 - Attr not supported : Dmpu
2024-11-12 16:12:17,169 [ERROR] ConditionMgr:805 - Attr not supported : Dmpu
2024-11-12 16:12:17,169 [ERROR] ConditionMgr:805 - Attr not supported : Dmpu
2024-11-12 16:12:17,169 [ERROR] ConditionMgr:805 - Attr not supported : Dmpu
2024-11-12 16:12:17,169 [ERROR] ConditionMgr:805 - Attr not supported : Dmpu
2024-11-12 16:12:17,169 [ERROR] ConditionMgr:805 - Attr not supported : Dmpu
2024-11-12 16:12:17,169 [ERROR] ConditionMgr:805 - Attr not supported : Dmpu
2024-11-12 16:12:17,169 [ERROR] ConditionMgr:805 - Attr not supported : Dmpu
2024-11-12 16:12:17,169 [ERROR] ConditionMgr:805 - Attr not supported : Dmpu
2024-11-12 16:12:17,176 [WARN] PackLoader:240 - Cannot read IP mode file for RealThread.X-CUBE-RT-Thread_Nano.4.1.1
2024-11-12 16:12:17,181 [WARN] PackLoader:240 - Cannot read IP mode file for wolfSSL.I-CUBE-wolfSSL.5.7.0
2024-11-12 16:12:17,187 [WARN] PackLoader:240 - Cannot read IP mode file for STMicroelectronics.FP-ATR-SIGFOX1.3.2.0
2024-11-12 16:12:17,192 [WARN] PackLoader:240 - Cannot read IP mode file for wolfSSL.I-CUBE-wolfSSL.5.7.2
2024-11-12 16:12:17,199 [WARN] PackLoader:240 - Cannot read IP mode file for STMicroelectronics.X-CUBE-EEPRMA1.5.1.0
2024-11-12 16:12:17,209 [WARN] PackLoader:240 - Cannot read IP mode file for ITTIA_DB.I-CUBE-ITTIADB.8.9.0
2024-11-12 16:12:17,236 [WARN] PackLoader:240 - Cannot read IP mode file for SEGGER.I-CUBE-embOS.1.3.1
2024-11-12 16:12:17,281 [WARN] PackLoader:240 - Cannot read IP mode file for STMicroelectronics.X-CUBE-ALGOBUILD.1.4.0
2024-11-12 16:12:17,287 [WARN] PackLoader:240 - Cannot read IP mode file for STMicroelectronics.X-CUBE-AI.9.1.0
2024-11-12 16:12:17,293 [WARN] PackLoader:240 - Cannot read IP mode file for STMicroelectronics.X-CUBE-GNSS1.6.0.0
2024-11-12 16:12:17,309 [WARN] PackLoader:240 - Cannot read IP mode file for STMicroelectronics.X-CUBE-AZRTOS-F4.1.1.0
2024-11-12 16:12:17,316 [WARN] PackLoader:240 - Cannot read IP mode file for STMicroelectronics.X-CUBE-ISPU.2.1.0
2024-11-12 16:12:17,323 [WARN] PackLoader:240 - Cannot read IP mode file for STMicroelectronics.X-CUBE-FREERTOS.1.2.0
2024-11-12 16:12:17,341 [WARN] PackLoader:240 - Cannot read IP mode file for STMicroelectronics.X-CUBE-AZRTOS-L5.2.0.0
2024-11-12 16:12:17,349 [WARN] PackLoader:240 - Cannot read IP mode file for STMicroelectronics.X-CUBE-NFC6.3.1.0
2024-11-12 16:12:17,358 [WARN] PackLoader:240 - Cannot read IP mode file for STMicroelectronics.X-CUBE-DPower.1.2.0
2024-11-12 16:12:17,362 [WARN] PackLoader:240 - Cannot read IP mode file for STMicroelectronics.X-CUBE-AI.9.0.0
2024-11-12 16:12:17,369 [WARN] PackLoader:240 - Cannot read IP mode file for STMicroelectronics.X-CUBE-NFC7.1.0.1
2024-11-12 16:12:17,374 [WARN] PackLoader:240 - Cannot read IP mode file for wolfSSL.I-CUBE-wolfTPM.3.2.0
2024-11-12 16:12:17,390 [WARN] ConditionMgr:438 - getConditionDescription Invalid condition id : LAN8742 Phy interface Condition cause : null
2024-11-12 16:12:17,390 [WARN] PackLoader:240 - Cannot read IP mode file for STMicroelectronics.X-CUBE-AZRTOS-L4.2.0.0
2024-11-12 16:12:17,391 [WARN] ConditionMgr:1039 - genDependencies : Invalid condition id : LAN8742 Phy interface Condition cause : null
2024-11-12 16:12:17,392 [WARN] ConditionMgr:1039 - genDependencies : Invalid condition id : LAN8742 Phy interface Condition cause : null
2024-11-12 16:12:17,392 [WARN] ConditionMgr:1039 - genDependencies : Invalid condition id : LAN8742 Phy interface Condition cause : null
2024-11-12 16:12:17,402 [WARN] PackLoader:240 - Cannot read IP mode file for STMicroelectronics.X-CUBE-SFXS2LP1.4.0.0
2024-11-12 16:12:17,421 [WARN] PackLoader:240 - Cannot read IP mode file for STMicroelectronics.X-CUBE-AZRTOS-H7.3.3.0
2024-11-12 16:12:17,435 [WARN] ConditionMgr:438 - getConditionDescription Invalid condition id : UX DEVICE CLASS RTOS Condition cause : null
2024-11-12 16:12:17,435 [WARN] ConditionMgr:438 - getConditionDescription Invalid condition id : UX DEVICE CLASS RTOS Condition cause : null
2024-11-12 16:12:17,436 [WARN] PackLoader:240 - Cannot read IP mode file for STMicroelectronics.X-CUBE-AZRTOS-WB.2.0.0
2024-11-12 16:12:17,437 [WARN] ConditionMgr:1039 - genDependencies : Invalid condition id : UX DEVICE CLASS RTOS Condition cause : null
2024-11-12 16:12:17,437 [WARN] ConditionMgr:1039 - genDependencies : Invalid condition id : UX DEVICE CLASS RTOS Condition cause : null
2024-11-12 16:12:17,437 [WARN] ConditionMgr:1039 - genDependencies : Invalid condition id : UX DEVICE CLASS RTOS Condition cause : null
2024-11-12 16:12:17,438 [WARN] ConditionMgr:1039 - genDependencies : Invalid condition id : UX DEVICE CLASS RTOS Condition cause : null
2024-11-12 16:12:17,438 [WARN] ConditionMgr:1039 - genDependencies : Invalid condition id : UX DEVICE CLASS RTOS Condition cause : null
2024-11-12 16:12:17,443 [WARN] PackLoader:240 - Cannot read IP mode file for STMicroelectronics.X-CUBE-GNSS1.7.0.0
2024-11-12 16:12:17,451 [WARN] PackLoader:240 - Cannot read IP mode file for STMicroelectronics.FP-SNS-STBOX1.2.0.0
2024-11-12 16:12:17,462 [WARN] PackLoader:240 - Cannot read IP mode file for STMicroelectronics.X-CUBE-SUBG2.5.0.0
2024-11-12 16:12:17,471 [WARN] PackLoader:240 - Cannot read IP mode file for Cesanta.I-CUBE-Mongoose.7.13.0
2024-11-12 16:12:17,483 [WARN] PackLoader:240 - Cannot read IP mode file for STMicroelectronics.X-CUBE-AZRTOS-G4.2.0.0
2024-11-12 16:12:17,489 [WARN] PackLoader:240 - Cannot read IP mode file for STMicroelectronics.X-CUBE-ISPU.2.0.0
2024-11-12 16:12:17,494 [WARN] PackLoader:240 - Cannot read IP mode file for STMicroelectronics.X-CUBE-ALS.1.0.2
2024-11-12 16:12:17,521 [WARN] PackLoader:240 - Cannot read IP mode file for STMicroelectronics.X-CUBE-MEMS1.10.0.0
2024-11-12 16:12:17,608 [WARN] PackLoader:240 - Cannot read IP mode file for STMicroelectronics.X-CUBE-TOUCHGFX.4.24.0
2024-11-12 16:12:17,611 [WARN] PackLoader:240 - Cannot read IP mode file for STMicroelectronics.X-CUBE-TOUCHGFX.4.24.1
2024-11-12 16:12:17,616 [WARN] PackLoader:240 - Cannot read IP mode file for wolfSSL.I-CUBE-wolfTPM.3.4.0
2024-11-12 16:12:17,621 [WARN] PackLoader:240 - Cannot read IP mode file for portGmbH.I-Cube-SoM-uGOAL.1.1.0
2024-11-12 16:12:17,637 [WARN] PackLoader:240 - Cannot read IP mode file for STMicroelectronics.X-CUBE-AZRTOS-H7RS.1.0.0
2024-11-12 16:12:17,648 [WARN] PackLoader:240 - Cannot read IP mode file for STMicroelectronics.FP-ATR-ASTRA1.2.0.0
2024-11-12 16:12:17,657 [WARN] PackLoader:240 - Cannot read IP mode file for STMicroelectronics.X-CUBE-TOF1.3.4.2
2024-11-12 16:12:17,677 [WARN] PackLoader:240 - Cannot read IP mode file for Infineon.AIROC-Wi-Fi-Bluetooth-STM32.1.6.1
2024-11-12 16:12:17,688 [WARN] PackLoader:240 - Cannot read IP mode file for STMicroelectronics.X-CUBE-TOF1.3.4.1
2024-11-12 16:12:17,709 [WARN] PackLoader:240 - Cannot read IP mode file for STMicroelectronics.X-CUBE-AZRTOS-H7.3.2.0
2024-11-12 16:12:17,721 [WARN] PackLoader:240 - Cannot read IP mode file for Infineon.AIROC-Wi-Fi-Bluetooth-STM32.1.6.0
2024-11-12 16:12:17,727 [WARN] PackLoader:240 - Cannot read IP mode file for wolfSSL.I-CUBE-wolfSSH.1.4.17
2024-11-12 16:12:17,728 [INFO] ThirdParty:978 - Integrity check success = true
2024-11-12 16:12:17,728 [INFO] IntegrityCheckThread:100 - exiting critical section [integrity check]
2024-11-12 16:12:17,728 [INFO] IntegrityCheckThread:103 - End integrity checks thread
